<?xml version="1.0" encoding="UTF-8"?>
<!-- Generated by org.testng.reporters.JUnitXMLReporter -->
<testsuite ignored="0" hostname="RAGHU" failures="3" tests="4" name="Surefire test" time="374.074" errors="0" timestamp="2026-06-21T10:32:34 IST">
  <testcase classname="com.sponsorship.tests.campaign.CampaignCreationTests" name="TC_02_01_createCampaignWithValidData" time="199.646">
    <failure type="org.openqa.selenium.TimeoutException" message="Expected condition failed: waiting for element to be clickable: By.cssSelector: button[type=&amp;apos;submit&amp;apos;] (tried for 60 second(s) with 500 milliseconds interval)
Build info: version: &amp;apos;4.25.0&amp;apos;, revision: &amp;apos;8a8aea2337&amp;apos;
System info: os.name: &amp;apos;Windows 11&amp;apos;, os.arch: &amp;apos;amd64&amp;apos;, os.version: &amp;apos;10.0&amp;apos;, java.version: &amp;apos;21.0.6&amp;apos;
Driver info: org.openqa.selenium.chrome.ChromeDriver
Capabilities {acceptInsecureCerts: false, browserName: chrome, browserVersion: 147.0.7727.138, chrome: {chromedriverVersion: 147.0.7727.117 (474cc805edd..., userDataDir: C:\Users\raghu\AppData\Loca...}, fedcm:accounts: true, goog:chromeOptions: {debuggerAddress: localhost:58979}, goog:processID: 8468, networkConnectionEnabled: false, pageLoadStrategy: normal, platformName: windows, proxy: Proxy(), se:cdp: ws://localhost:58979/devtoo..., se:cdpVersion: 147.0.7727.138, setWindowRect: true, strictFileInteractability: false, timeouts: {implicit: 0, pageLoad: 300000, script: 30000}, unhandledPromptBehavior: dismiss and notify, webauthn:extension:credBlob: true, webauthn:extension:largeBlob: true, webauthn:extension:minPinLength: true, webauthn:extension:prf: true, webauthn:virtualAuthenticators: true}
Session ID: dd2ff8559ba0c25b4bd97effa1f992be">
      <![CDATA[org.openqa.selenium.TimeoutException: Expected condition failed: waiting for element to be clickable: By.cssSelector: button[type='submit'] (tried for 60 second(s) with 500 milliseconds interval)
Build info: version: '4.25.0', revision: '8a8aea2337'
System info: os.name: 'Windows 11', os.arch: 'amd64', os.version: '10.0', java.version: '21.0.6'
Driver info: org.openqa.selenium.chrome.ChromeDriver
Capabilities {acceptInsecureCerts: false, browserName: chrome, browserVersion: 147.0.7727.138, chrome: {chromedriverVersion: 147.0.7727.117 (474cc805edd..., userDataDir: C:\Users\raghu\AppData\Loca...}, fedcm:accounts: true, goog:chromeOptions: {debuggerAddress: localhost:58979}, goog:processID: 8468, networkConnectionEnabled: false, pageLoadStrategy: normal, platformName: windows, proxy: Proxy(), se:cdp: ws://localhost:58979/devtoo..., se:cdpVersion: 147.0.7727.138, setWindowRect: true, strictFileInteractability: false, timeouts: {implicit: 0, pageLoad: 300000, script: 30000}, unhandledPromptBehavior: dismiss and notify, webauthn:extension:credBlob: true, webauthn:extension:largeBlob: true, webauthn:extension:minPinLength: true, webauthn:extension:prf: true, webauthn:virtualAuthenticators: true}
Session ID: dd2ff8559ba0c25b4bd97effa1f992be
at org.openqa.selenium.support.ui.WebDriverWait.timeoutException(WebDriverWait.java:84)
at org.openqa.selenium.support.ui.FluentWait.until(FluentWait.java:228)
at com.sponsorship.utils.WaitUtils.waitForClickable(WaitUtils.java:42)
at com.sponsorship.pages.BasePage.click(BasePage.java:37)
at com.sponsorship.pages.CampaignFormPage.clickSubmit(CampaignFormPage.java:76)
at com.sponsorship.pages.CampaignFormPage.createCampaign(CampaignFormPage.java:99)
at com.sponsorship.tests.campaign.CampaignCreationTests.TC_02_01_createCampaignWithValidData(CampaignCreationTests.java:48)
at java.base/java.util.ArrayList.forEach(ArrayList.java:1596)
... Removed 30 stack frames]]>
    </failure>
  </testcase> <!-- TC_02_01_createCampaignWithValidData -->
  <testcase classname="com.sponsorship.tests.campaign.CampaignCreationTests" name="TC_02_02_createCampaignNameTooShort" time="82.464">
    <failure type="java.lang.AssertionError" message="Validation error for short name should be displayed expected [true] but found [false]">
      <![CDATA[java.lang.AssertionError: Validation error for short name should be displayed expected [true] but found [false]
at com.sponsorship.tests.campaign.CampaignCreationTests.TC_02_02_createCampaignNameTooShort(CampaignCreationTests.java:89)
at java.base/java.util.ArrayList.forEach(ArrayList.java:1596)
... Removed 33 stack frames]]>
    </failure>
  </testcase> <!-- TC_02_02_createCampaignNameTooShort -->
  <testcase classname="com.sponsorship.tests.campaign.CampaignCreationTests" name="TC_02_03_createCampaignPastStartDate" time="0.001">
    <skipped/>
  </testcase> <!-- TC_02_03_createCampaignPastStartDate -->
  <testcase classname="com.sponsorship.tests.campaign.CampaignCreationTests" name="TC_02_06_campaignDescriptionTooShort" time="82.247">
    <failure type="java.lang.AssertionError" message="Validation error for short description should be displayed expected [true] but found [false]">
      <![CDATA[java.lang.AssertionError: Validation error for short description should be displayed expected [true] but found [false]
at com.sponsorship.tests.campaign.CampaignCreationTests.TC_02_06_campaignDescriptionTooShort(CampaignCreationTests.java:131)
at java.base/java.util.ArrayList.forEach(ArrayList.java:1596)
... Removed 33 stack frames]]>
    </failure>
  </testcase> <!-- TC_02_06_campaignDescriptionTooShort -->
</testsuite> <!-- Surefire test -->
