<?xml version="1.0" encoding="UTF-8"?>
<testng-results ignored="0" total="8" passed="2" failed="6" skipped="0">
  <reporter-output>
  </reporter-output>
  <suite started-at="2026-06-19T22:53:28 IST" name="Surefire suite" finished-at="2026-06-19T22:55:13 IST" duration-ms="104682">
    <groups>
      <group name="auth">
        <method signature="LoginTests.TC_01_04_loginWithValidAdminCredentials()[pri:0, instance:com.sponsorship.tests.auth.LoginTests@4facf68f]" name="TC_01_04_loginWithValidAdminCredentials" class="com.sponsorship.tests.auth.LoginTests"/>
        <method signature="LoginTests.TC_01_04_loginWithValidBrandCredentials()[pri:0, instance:com.sponsorship.tests.auth.LoginTests@4facf68f]" name="TC_01_04_loginWithValidBrandCredentials" class="com.sponsorship.tests.auth.LoginTests"/>
        <method signature="LoginTests.TC_01_04_loginWithValidInfluencerCredentials()[pri:0, instance:com.sponsorship.tests.auth.LoginTests@4facf68f]" name="TC_01_04_loginWithValidInfluencerCredentials" class="com.sponsorship.tests.auth.LoginTests"/>
        <method signature="LoginTests.TC_01_04_verifyLoginPageUI()[pri:0, instance:com.sponsorship.tests.auth.LoginTests@4facf68f]" name="TC_01_04_verifyLoginPageUI" class="com.sponsorship.tests.auth.LoginTests"/>
        <method signature="LoginTests.TC_01_04_verifyPasswordToggle()[pri:0, instance:com.sponsorship.tests.auth.LoginTests@4facf68f]" name="TC_01_04_verifyPasswordToggle" class="com.sponsorship.tests.auth.LoginTests"/>
        <method signature="LoginTests.TC_01_04_verifySignInDisabledForEmptyForm()[pri:0, instance:com.sponsorship.tests.auth.LoginTests@4facf68f]" name="TC_01_04_verifySignInDisabledForEmptyForm" class="com.sponsorship.tests.auth.LoginTests"/>
        <method signature="LoginTests.TC_01_05_loginWithIncorrectPassword()[pri:0, instance:com.sponsorship.tests.auth.LoginTests@4facf68f]" name="TC_01_05_loginWithIncorrectPassword" class="com.sponsorship.tests.auth.LoginTests"/>
        <method signature="LoginTests.TC_01_05_loginWithNonExistentEmail()[pri:0, instance:com.sponsorship.tests.auth.LoginTests@4facf68f]" name="TC_01_05_loginWithNonExistentEmail" class="com.sponsorship.tests.auth.LoginTests"/>
      </group> <!-- auth -->
      <group name="regression">
        <method signature="LoginTests.TC_01_04_loginWithValidAdminCredentials()[pri:0, instance:com.sponsorship.tests.auth.LoginTests@4facf68f]" name="TC_01_04_loginWithValidAdminCredentials" class="com.sponsorship.tests.auth.LoginTests"/>
        <method signature="LoginTests.TC_01_04_loginWithValidBrandCredentials()[pri:0, instance:com.sponsorship.tests.auth.LoginTests@4facf68f]" name="TC_01_04_loginWithValidBrandCredentials" class="com.sponsorship.tests.auth.LoginTests"/>
        <method signature="LoginTests.TC_01_04_loginWithValidInfluencerCredentials()[pri:0, instance:com.sponsorship.tests.auth.LoginTests@4facf68f]" name="TC_01_04_loginWithValidInfluencerCredentials" class="com.sponsorship.tests.auth.LoginTests"/>
        <method signature="LoginTests.TC_01_04_verifyLoginPageUI()[pri:0, instance:com.sponsorship.tests.auth.LoginTests@4facf68f]" name="TC_01_04_verifyLoginPageUI" class="com.sponsorship.tests.auth.LoginTests"/>
        <method signature="LoginTests.TC_01_04_verifyPasswordToggle()[pri:0, instance:com.sponsorship.tests.auth.LoginTests@4facf68f]" name="TC_01_04_verifyPasswordToggle" class="com.sponsorship.tests.auth.LoginTests"/>
        <method signature="LoginTests.TC_01_04_verifySignInDisabledForEmptyForm()[pri:0, instance:com.sponsorship.tests.auth.LoginTests@4facf68f]" name="TC_01_04_verifySignInDisabledForEmptyForm" class="com.sponsorship.tests.auth.LoginTests"/>
        <method signature="LoginTests.TC_01_05_loginWithIncorrectPassword()[pri:0, instance:com.sponsorship.tests.auth.LoginTests@4facf68f]" name="TC_01_05_loginWithIncorrectPassword" class="com.sponsorship.tests.auth.LoginTests"/>
        <method signature="LoginTests.TC_01_05_loginWithNonExistentEmail()[pri:0, instance:com.sponsorship.tests.auth.LoginTests@4facf68f]" name="TC_01_05_loginWithNonExistentEmail" class="com.sponsorship.tests.auth.LoginTests"/>
      </group> <!-- regression -->
      <group name="smoke">
        <method signature="LoginTests.TC_01_04_loginWithValidAdminCredentials()[pri:0, instance:com.sponsorship.tests.auth.LoginTests@4facf68f]" name="TC_01_04_loginWithValidAdminCredentials" class="com.sponsorship.tests.auth.LoginTests"/>
        <method signature="LoginTests.TC_01_04_loginWithValidBrandCredentials()[pri:0, instance:com.sponsorship.tests.auth.LoginTests@4facf68f]" name="TC_01_04_loginWithValidBrandCredentials" class="com.sponsorship.tests.auth.LoginTests"/>
        <method signature="LoginTests.TC_01_04_loginWithValidInfluencerCredentials()[pri:0, instance:com.sponsorship.tests.auth.LoginTests@4facf68f]" name="TC_01_04_loginWithValidInfluencerCredentials" class="com.sponsorship.tests.auth.LoginTests"/>
      </group> <!-- smoke -->
      <group name="sanity">
        <method signature="LoginTests.TC_01_04_verifyLoginPageUI()[pri:0, instance:com.sponsorship.tests.auth.LoginTests@4facf68f]" name="TC_01_04_verifyLoginPageUI" class="com.sponsorship.tests.auth.LoginTests"/>
      </group> <!-- sanity -->
    </groups>
    <test started-at="2026-06-19T22:53:28 IST" name="Surefire test" finished-at="2026-06-19T22:55:13 IST" duration-ms="104682">
      <class name="com.sponsorship.tests.auth.LoginTests">
        <test-method is-config="true" signature="suiteSetup()[pri:0, instance:com.sponsorship.tests.auth.LoginTests@4facf68f]" started-at="2026-06-19T22:53:28 IST" name="suiteSetup" finished-at="2026-06-19T22:53:28 IST" duration-ms="265" status="PASS">
          <reporter-output>
          </reporter-output>
        </test-method> <!-- suiteSetup -->
        <test-method is-config="true" signature="setUp()[pri:0, instance:com.sponsorship.tests.auth.LoginTests@4facf68f]" started-at="2026-06-19T22:53:28 IST" name="setUp" finished-at="2026-06-19T22:53:33 IST" duration-ms="4804" status="PASS">
          <reporter-output>
          </reporter-output>
        </test-method> <!-- setUp -->
        <test-method signature="TC_01_04_loginWithValidAdminCredentials()[pri:0, instance:com.sponsorship.tests.auth.LoginTests@4facf68f]" started-at="2026-06-19T22:53:33 IST" name="TC_01_04_loginWithValidAdminCredentials" description="TC_01_04 - Login with valid Admin credentials and verify dashboard redirect" finished-at="2026-06-19T22:53:49 IST" duration-ms="16124" status="FAIL">
          <exception class="org.openqa.selenium.TimeoutException">
            <message>
              <![CDATA[Expected condition failed: waiting for url to contain "/dashboard". Current url: "https://sponsorship-front.netlify.app/login" (tried for 15 second(s) with 500 milliseconds interval)
Build info: version: '4.25.0', revision: '8a8aea2337'
System info: os.name: 'Windows 11', os.arch: 'amd64', os.version: '10.0', java.version: '21.0.6'
Driver info: org.openqa.selenium.chrome.ChromeDriver
Capabilities {acceptInsecureCerts: false, browserName: chrome, browserVersion: 147.0.7727.138, chrome: {chromedriverVersion: 147.0.7727.117 (474cc805edd..., userDataDir: C:\Users\raghu\AppData\Loca...}, fedcm:accounts: true, goog:chromeOptions: {debuggerAddress: localhost:51129}, goog:processID: 19208, networkConnectionEnabled: false, pageLoadStrategy: normal, platformName: windows, proxy: Proxy(), se:cdp: ws://localhost:51129/devtoo..., se:cdpVersion: 147.0.7727.138, setWindowRect: true, strictFileInteractability: false, timeouts: {implicit: 0, pageLoad: 300000, script: 30000}, unhandledPromptBehavior: dismiss and notify, webauthn:extension:credBlob: true, webauthn:extension:largeBlob: true, webauthn:extension:minPinLength: true, webauthn:extension:prf: true, webauthn:virtualAuthenticators: true}
Session ID: 0e14f08a51d6c5fba20bba0e5eb23620]]>
            </message>
            <full-stacktrace>
              <![CDATA[org.openqa.selenium.TimeoutException: Expected condition failed: waiting for url to contain "/dashboard". Current url: "https://sponsorship-front.netlify.app/login" (tried for 15 second(s) with 500 milliseconds interval)
Build info: version: '4.25.0', revision: '8a8aea2337'
System info: os.name: 'Windows 11', os.arch: 'amd64', os.version: '10.0', java.version: '21.0.6'
Driver info: org.openqa.selenium.chrome.ChromeDriver
Capabilities {acceptInsecureCerts: false, browserName: chrome, browserVersion: 147.0.7727.138, chrome: {chromedriverVersion: 147.0.7727.117 (474cc805edd..., userDataDir: C:\Users\raghu\AppData\Loca...}, fedcm:accounts: true, goog:chromeOptions: {debuggerAddress: localhost:51129}, goog:processID: 19208, networkConnectionEnabled: false, pageLoadStrategy: normal, platformName: windows, proxy: Proxy(), se:cdp: ws://localhost:51129/devtoo..., se:cdpVersion: 147.0.7727.138, setWindowRect: true, strictFileInteractability: false, timeouts: {implicit: 0, pageLoad: 300000, script: 30000}, unhandledPromptBehavior: dismiss and notify, webauthn:extension:credBlob: true, webauthn:extension:largeBlob: true, webauthn:extension:minPinLength: true, webauthn:extension:prf: true, webauthn:virtualAuthenticators: true}
Session ID: 0e14f08a51d6c5fba20bba0e5eb23620
at org.openqa.selenium.support.ui.WebDriverWait.timeoutException(WebDriverWait.java:84)
at org.openqa.selenium.support.ui.FluentWait.until(FluentWait.java:228)
at com.sponsorship.utils.WaitUtils.waitForUrlContains(WaitUtils.java:63)
at com.sponsorship.pages.LoginPage.waitForDashboardRedirect(LoginPage.java:143)
at com.sponsorship.tests.auth.LoginTests.TC_01_04_loginWithValidAdminCredentials(LoginTests.java:77)
at java.base/jdk.internal.reflect.DirectMethodHandleAccessor.invoke(DirectMethodHandleAccessor.java:103)
at java.base/java.lang.reflect.Method.invoke(Method.java:580)
at org.testng.internal.invokers.MethodInvocationHelper.invokeMethod(MethodInvocationHelper.java:141)
at org.testng.internal.invokers.TestInvoker.invokeMethod(TestInvoker.java:686)
at org.testng.internal.invokers.TestInvoker.invokeTestMethod(TestInvoker.java:230)
at org.testng.internal.invokers.MethodRunner.runInSequence(MethodRunner.java:63)
at org.testng.internal.invokers.TestInvoker$MethodInvocationAgent.invoke(TestInvoker.java:992)
at org.testng.internal.invokers.TestInvoker.invokeTestMethods(TestInvoker.java:203)
at org.testng.internal.invokers.TestMethodWorker.invokeTestMethods(TestMethodWorker.java:154)
at org.testng.internal.invokers.TestMethodWorker.run(TestMethodWorker.java:134)
at java.base/java.util.ArrayList.forEach(ArrayList.java:1596)
at org.testng.TestRunner.privateRun(TestRunner.java:739)
at org.testng.TestRunner.run(TestRunner.java:614)
at org.testng.SuiteRunner.runTest(SuiteRunner.java:421)
at org.testng.SuiteRunner.runSequentially(SuiteRunner.java:413)
at org.testng.SuiteRunner.privateRun(SuiteRunner.java:373)
at org.testng.SuiteRunner.run(SuiteRunner.java:312)
at org.testng.SuiteRunnerWorker.runSuite(SuiteRunnerWorker.java:52)
at org.testng.SuiteRunnerWorker.run(SuiteRunnerWorker.java:95)
at org.testng.TestNG.runSuitesSequentially(TestNG.java:1274)
at org.testng.TestNG.runSuitesLocally(TestNG.java:1208)
at org.testng.TestNG.runSuites(TestNG.java:1112)
at org.testng.TestNG.run(TestNG.java:1079)
at org.apache.maven.surefire.testng.TestNGExecutor.run(TestNGExecutor.java:155)
at org.apache.maven.surefire.testng.TestNGDirectoryTestSuite.executeSingleClass(TestNGDirectoryTestSuite.java:102)
at org.apache.maven.surefire.testng.TestNGDirectoryTestSuite.execute(TestNGDirectoryTestSuite.java:91)
at org.apache.maven.surefire.testng.TestNGProvider.invoke(TestNGProvider.java:137)
at org.apache.maven.surefire.booter.ForkedBooter.runSuitesInProcess(ForkedBooter.java:385)
at org.apache.maven.surefire.booter.ForkedBooter.execute(ForkedBooter.java:162)
at org.apache.maven.surefire.booter.ForkedBooter.run(ForkedBooter.java:507)
at org.apache.maven.surefire.booter.ForkedBooter.main(ForkedBooter.java:495)
]]>
            </full-stacktrace>
          </exception> <!-- org.openqa.selenium.TimeoutException -->
          <reporter-output>
          </reporter-output>
        </test-method> <!-- TC_01_04_loginWithValidAdminCredentials -->
        <test-method is-config="true" signature="tearDown(org.testng.ITestResult)[pri:0, instance:com.sponsorship.tests.auth.LoginTests@4facf68f]" started-at="2026-06-19T22:53:49 IST" name="tearDown" finished-at="2026-06-19T22:53:50 IST" duration-ms="456" status="PASS">
          <params>
            <param index="0">
              <value>
                <![CDATA[[TestResult name=TC_01_04_loginWithValidAdminCredentials status=FAILURE method=LoginTests.TC_01_04_loginWithValidAdminCredentials()[pri:0, instance:com.sponsorship.tests.auth.LoginTests@4facf68f] output={null}]]]>
              </value>
            </param>
          </params>
          <reporter-output>
          </reporter-output>
        </test-method> <!-- tearDown -->
        <test-method is-config="true" signature="setUp()[pri:0, instance:com.sponsorship.tests.auth.LoginTests@4facf68f]" started-at="2026-06-19T22:53:50 IST" name="setUp" finished-at="2026-06-19T22:53:51 IST" duration-ms="1146" status="PASS">
          <reporter-output>
          </reporter-output>
        </test-method> <!-- setUp -->
        <test-method signature="TC_01_04_loginWithValidBrandCredentials()[pri:0, instance:com.sponsorship.tests.auth.LoginTests@4facf68f]" started-at="2026-06-19T22:53:51 IST" name="TC_01_04_loginWithValidBrandCredentials" description="TC_01_04 - Login with valid Brand credentials and verify dashboard redirect" finished-at="2026-06-19T22:54:08 IST" duration-ms="16688" status="FAIL">
          <exception class="org.openqa.selenium.TimeoutException">
            <message>
              <![CDATA[Expected condition failed: waiting for url to contain "/dashboard". Current url: "https://sponsorship-front.netlify.app/login" (tried for 15 second(s) with 500 milliseconds interval)
Build info: version: '4.25.0', revision: '8a8aea2337'
System info: os.name: 'Windows 11', os.arch: 'amd64', os.version: '10.0', java.version: '21.0.6'
Driver info: org.openqa.selenium.chrome.ChromeDriver
Capabilities {acceptInsecureCerts: false, browserName: chrome, browserVersion: 147.0.7727.138, chrome: {chromedriverVersion: 147.0.7727.117 (474cc805edd..., userDataDir: C:\Users\raghu\AppData\Loca...}, fedcm:accounts: true, goog:chromeOptions: {debuggerAddress: localhost:52664}, goog:processID: 20640, networkConnectionEnabled: false, pageLoadStrategy: normal, platformName: windows, proxy: Proxy(), se:cdp: ws://localhost:52664/devtoo..., se:cdpVersion: 147.0.7727.138, setWindowRect: true, strictFileInteractability: false, timeouts: {implicit: 0, pageLoad: 300000, script: 30000}, unhandledPromptBehavior: dismiss and notify, webauthn:extension:credBlob: true, webauthn:extension:largeBlob: true, webauthn:extension:minPinLength: true, webauthn:extension:prf: true, webauthn:virtualAuthenticators: true}
Session ID: c103a1d6203e45d0f6fd90303fa090e3]]>
            </message>
            <full-stacktrace>
              <![CDATA[org.openqa.selenium.TimeoutException: Expected condition failed: waiting for url to contain "/dashboard". Current url: "https://sponsorship-front.netlify.app/login" (tried for 15 second(s) with 500 milliseconds interval)
Build info: version: '4.25.0', revision: '8a8aea2337'
System info: os.name: 'Windows 11', os.arch: 'amd64', os.version: '10.0', java.version: '21.0.6'
Driver info: org.openqa.selenium.chrome.ChromeDriver
Capabilities {acceptInsecureCerts: false, browserName: chrome, browserVersion: 147.0.7727.138, chrome: {chromedriverVersion: 147.0.7727.117 (474cc805edd..., userDataDir: C:\Users\raghu\AppData\Loca...}, fedcm:accounts: true, goog:chromeOptions: {debuggerAddress: localhost:52664}, goog:processID: 20640, networkConnectionEnabled: false, pageLoadStrategy: normal, platformName: windows, proxy: Proxy(), se:cdp: ws://localhost:52664/devtoo..., se:cdpVersion: 147.0.7727.138, setWindowRect: true, strictFileInteractability: false, timeouts: {implicit: 0, pageLoad: 300000, script: 30000}, unhandledPromptBehavior: dismiss and notify, webauthn:extension:credBlob: true, webauthn:extension:largeBlob: true, webauthn:extension:minPinLength: true, webauthn:extension:prf: true, webauthn:virtualAuthenticators: true}
Session ID: c103a1d6203e45d0f6fd90303fa090e3
at org.openqa.selenium.support.ui.WebDriverWait.timeoutException(WebDriverWait.java:84)
at org.openqa.selenium.support.ui.FluentWait.until(FluentWait.java:228)
at com.sponsorship.utils.WaitUtils.waitForUrlContains(WaitUtils.java:63)
at com.sponsorship.pages.LoginPage.waitForDashboardRedirect(LoginPage.java:143)
at com.sponsorship.tests.auth.LoginTests.TC_01_04_loginWithValidBrandCredentials(LoginTests.java:31)
at java.base/jdk.internal.reflect.DirectMethodHandleAccessor.invoke(DirectMethodHandleAccessor.java:103)
at java.base/java.lang.reflect.Method.invoke(Method.java:580)
at org.testng.internal.invokers.MethodInvocationHelper.invokeMethod(MethodInvocationHelper.java:141)
at org.testng.internal.invokers.TestInvoker.invokeMethod(TestInvoker.java:686)
at org.testng.internal.invokers.TestInvoker.invokeTestMethod(TestInvoker.java:230)
at org.testng.internal.invokers.MethodRunner.runInSequence(MethodRunner.java:63)
at org.testng.internal.invokers.TestInvoker$MethodInvocationAgent.invoke(TestInvoker.java:992)
at org.testng.internal.invokers.TestInvoker.invokeTestMethods(TestInvoker.java:203)
at org.testng.internal.invokers.TestMethodWorker.invokeTestMethods(TestMethodWorker.java:154)
at org.testng.internal.invokers.TestMethodWorker.run(TestMethodWorker.java:134)
at java.base/java.util.ArrayList.forEach(ArrayList.java:1596)
at org.testng.TestRunner.privateRun(TestRunner.java:739)
at org.testng.TestRunner.run(TestRunner.java:614)
at org.testng.SuiteRunner.runTest(SuiteRunner.java:421)
at org.testng.SuiteRunner.runSequentially(SuiteRunner.java:413)
at org.testng.SuiteRunner.privateRun(SuiteRunner.java:373)
at org.testng.SuiteRunner.run(SuiteRunner.java:312)
at org.testng.SuiteRunnerWorker.runSuite(SuiteRunnerWorker.java:52)
at org.testng.SuiteRunnerWorker.run(SuiteRunnerWorker.java:95)
at org.testng.TestNG.runSuitesSequentially(TestNG.java:1274)
at org.testng.TestNG.runSuitesLocally(TestNG.java:1208)
at org.testng.TestNG.runSuites(TestNG.java:1112)
at org.testng.TestNG.run(TestNG.java:1079)
at org.apache.maven.surefire.testng.TestNGExecutor.run(TestNGExecutor.java:155)
at org.apache.maven.surefire.testng.TestNGDirectoryTestSuite.executeSingleClass(TestNGDirectoryTestSuite.java:102)
at org.apache.maven.surefire.testng.TestNGDirectoryTestSuite.execute(TestNGDirectoryTestSuite.java:91)
at org.apache.maven.surefire.testng.TestNGProvider.invoke(TestNGProvider.java:137)
at org.apache.maven.surefire.booter.ForkedBooter.runSuitesInProcess(ForkedBooter.java:385)
at org.apache.maven.surefire.booter.ForkedBooter.execute(ForkedBooter.java:162)
at org.apache.maven.surefire.booter.ForkedBooter.run(ForkedBooter.java:507)
at org.apache.maven.surefire.booter.ForkedBooter.main(ForkedBooter.java:495)
]]>
            </full-stacktrace>
          </exception> <!-- org.openqa.selenium.TimeoutException -->
          <reporter-output>
          </reporter-output>
        </test-method> <!-- TC_01_04_loginWithValidBrandCredentials -->
        <test-method is-config="true" signature="tearDown(org.testng.ITestResult)[pri:0, instance:com.sponsorship.tests.auth.LoginTests@4facf68f]" started-at="2026-06-19T22:54:08 IST" name="tearDown" finished-at="2026-06-19T22:54:09 IST" duration-ms="386" status="PASS">
          <params>
            <param index="0">
              <value>
                <![CDATA[[TestResult name=TC_01_04_loginWithValidBrandCredentials status=FAILURE method=LoginTests.TC_01_04_loginWithValidBrandCredentials()[pri:0, instance:com.sponsorship.tests.auth.LoginTests@4facf68f] output={null}]]]>
              </value>
            </param>
          </params>
          <reporter-output>
          </reporter-output>
        </test-method> <!-- tearDown -->
        <test-method is-config="true" signature="setUp()[pri:0, instance:com.sponsorship.tests.auth.LoginTests@4facf68f]" started-at="2026-06-19T22:54:09 IST" name="setUp" finished-at="2026-06-19T22:54:10 IST" duration-ms="1872" status="PASS">
          <reporter-output>
          </reporter-output>
        </test-method> <!-- setUp -->
        <test-method signature="TC_01_04_loginWithValidInfluencerCredentials()[pri:0, instance:com.sponsorship.tests.auth.LoginTests@4facf68f]" started-at="2026-06-19T22:54:10 IST" name="TC_01_04_loginWithValidInfluencerCredentials" description="TC_01_04 - Login with valid Influencer credentials and verify dashboard redirect" finished-at="2026-06-19T22:54:26 IST" duration-ms="15824" status="FAIL">
          <exception class="org.openqa.selenium.TimeoutException">
            <message>
              <![CDATA[Expected condition failed: waiting for url to contain "/dashboard". Current url: "https://sponsorship-front.netlify.app/login" (tried for 15 second(s) with 500 milliseconds interval)
Build info: version: '4.25.0', revision: '8a8aea2337'
System info: os.name: 'Windows 11', os.arch: 'amd64', os.version: '10.0', java.version: '21.0.6'
Driver info: org.openqa.selenium.chrome.ChromeDriver
Capabilities {acceptInsecureCerts: false, browserName: chrome, browserVersion: 147.0.7727.138, chrome: {chromedriverVersion: 147.0.7727.117 (474cc805edd..., userDataDir: C:\Users\raghu\AppData\Loca...}, fedcm:accounts: true, goog:chromeOptions: {debuggerAddress: localhost:51317}, goog:processID: 5908, networkConnectionEnabled: false, pageLoadStrategy: normal, platformName: windows, proxy: Proxy(), se:cdp: ws://localhost:51317/devtoo..., se:cdpVersion: 147.0.7727.138, setWindowRect: true, strictFileInteractability: false, timeouts: {implicit: 0, pageLoad: 300000, script: 30000}, unhandledPromptBehavior: dismiss and notify, webauthn:extension:credBlob: true, webauthn:extension:largeBlob: true, webauthn:extension:minPinLength: true, webauthn:extension:prf: true, webauthn:virtualAuthenticators: true}
Session ID: 4fe5eb7811c0387874fe2216e864a174]]>
            </message>
            <full-stacktrace>
              <![CDATA[org.openqa.selenium.TimeoutException: Expected condition failed: waiting for url to contain "/dashboard". Current url: "https://sponsorship-front.netlify.app/login" (tried for 15 second(s) with 500 milliseconds interval)
Build info: version: '4.25.0', revision: '8a8aea2337'
System info: os.name: 'Windows 11', os.arch: 'amd64', os.version: '10.0', java.version: '21.0.6'
Driver info: org.openqa.selenium.chrome.ChromeDriver
Capabilities {acceptInsecureCerts: false, browserName: chrome, browserVersion: 147.0.7727.138, chrome: {chromedriverVersion: 147.0.7727.117 (474cc805edd..., userDataDir: C:\Users\raghu\AppData\Loca...}, fedcm:accounts: true, goog:chromeOptions: {debuggerAddress: localhost:51317}, goog:processID: 5908, networkConnectionEnabled: false, pageLoadStrategy: normal, platformName: windows, proxy: Proxy(), se:cdp: ws://localhost:51317/devtoo..., se:cdpVersion: 147.0.7727.138, setWindowRect: true, strictFileInteractability: false, timeouts: {implicit: 0, pageLoad: 300000, script: 30000}, unhandledPromptBehavior: dismiss and notify, webauthn:extension:credBlob: true, webauthn:extension:largeBlob: true, webauthn:extension:minPinLength: true, webauthn:extension:prf: true, webauthn:virtualAuthenticators: true}
Session ID: 4fe5eb7811c0387874fe2216e864a174
at org.openqa.selenium.support.ui.WebDriverWait.timeoutException(WebDriverWait.java:84)
at org.openqa.selenium.support.ui.FluentWait.until(FluentWait.java:228)
at com.sponsorship.utils.WaitUtils.waitForUrlContains(WaitUtils.java:63)
at com.sponsorship.pages.LoginPage.waitForDashboardRedirect(LoginPage.java:143)
at com.sponsorship.tests.auth.LoginTests.TC_01_04_loginWithValidInfluencerCredentials(LoginTests.java:54)
at java.base/jdk.internal.reflect.DirectMethodHandleAccessor.invoke(DirectMethodHandleAccessor.java:103)
at java.base/java.lang.reflect.Method.invoke(Method.java:580)
at org.testng.internal.invokers.MethodInvocationHelper.invokeMethod(MethodInvocationHelper.java:141)
at org.testng.internal.invokers.TestInvoker.invokeMethod(TestInvoker.java:686)
at org.testng.internal.invokers.TestInvoker.invokeTestMethod(TestInvoker.java:230)
at org.testng.internal.invokers.MethodRunner.runInSequence(MethodRunner.java:63)
at org.testng.internal.invokers.TestInvoker$MethodInvocationAgent.invoke(TestInvoker.java:992)
at org.testng.internal.invokers.TestInvoker.invokeTestMethods(TestInvoker.java:203)
at org.testng.internal.invokers.TestMethodWorker.invokeTestMethods(TestMethodWorker.java:154)
at org.testng.internal.invokers.TestMethodWorker.run(TestMethodWorker.java:134)
at java.base/java.util.ArrayList.forEach(ArrayList.java:1596)
at org.testng.TestRunner.privateRun(TestRunner.java:739)
at org.testng.TestRunner.run(TestRunner.java:614)
at org.testng.SuiteRunner.runTest(SuiteRunner.java:421)
at org.testng.SuiteRunner.runSequentially(SuiteRunner.java:413)
at org.testng.SuiteRunner.privateRun(SuiteRunner.java:373)
at org.testng.SuiteRunner.run(SuiteRunner.java:312)
at org.testng.SuiteRunnerWorker.runSuite(SuiteRunnerWorker.java:52)
at org.testng.SuiteRunnerWorker.run(SuiteRunnerWorker.java:95)
at org.testng.TestNG.runSuitesSequentially(TestNG.java:1274)
at org.testng.TestNG.runSuitesLocally(TestNG.java:1208)
at org.testng.TestNG.runSuites(TestNG.java:1112)
at org.testng.TestNG.run(TestNG.java:1079)
at org.apache.maven.surefire.testng.TestNGExecutor.run(TestNGExecutor.java:155)
at org.apache.maven.surefire.testng.TestNGDirectoryTestSuite.executeSingleClass(TestNGDirectoryTestSuite.java:102)
at org.apache.maven.surefire.testng.TestNGDirectoryTestSuite.execute(TestNGDirectoryTestSuite.java:91)
at org.apache.maven.surefire.testng.TestNGProvider.invoke(TestNGProvider.java:137)
at org.apache.maven.surefire.booter.ForkedBooter.runSuitesInProcess(ForkedBooter.java:385)
at org.apache.maven.surefire.booter.ForkedBooter.execute(ForkedBooter.java:162)
at org.apache.maven.surefire.booter.ForkedBooter.run(ForkedBooter.java:507)
at org.apache.maven.surefire.booter.ForkedBooter.main(ForkedBooter.java:495)
]]>
            </full-stacktrace>
          </exception> <!-- org.openqa.selenium.TimeoutException -->
          <reporter-output>
          </reporter-output>
        </test-method> <!-- TC_01_04_loginWithValidInfluencerCredentials -->
        <test-method is-config="true" signature="tearDown(org.testng.ITestResult)[pri:0, instance:com.sponsorship.tests.auth.LoginTests@4facf68f]" started-at="2026-06-19T22:54:27 IST" name="tearDown" finished-at="2026-06-19T22:54:27 IST" duration-ms="389" status="PASS">
          <params>
            <param index="0">
              <value>
                <![CDATA[[TestResult name=TC_01_04_loginWithValidInfluencerCredentials status=FAILURE method=LoginTests.TC_01_04_loginWithValidInfluencerCredentials()[pri:0, instance:com.sponsorship.tests.auth.LoginTests@4facf68f] output={null}]]]>
              </value>
            </param>
          </params>
          <reporter-output>
          </reporter-output>
        </test-method> <!-- tearDown -->
        <test-method is-config="true" signature="setUp()[pri:0, instance:com.sponsorship.tests.auth.LoginTests@4facf68f]" started-at="2026-06-19T22:54:27 IST" name="setUp" finished-at="2026-06-19T22:54:29 IST" duration-ms="1762" status="PASS">
          <reporter-output>
          </reporter-output>
        </test-method> <!-- setUp -->
        <test-method signature="TC_01_04_verifyLoginPageUI()[pri:0, instance:com.sponsorship.tests.auth.LoginTests@4facf68f]" started-at="2026-06-19T22:54:29 IST" name="TC_01_04_verifyLoginPageUI" description="TC_01_04 - Verify login page UI elements are displayed correctly" finished-at="2026-06-19T22:54:29 IST" duration-ms="169" status="FAIL">
          <exception class="java.lang.AssertionError">
            <message>
              <![CDATA[Brand pill should show 'Sponsorship Hub' expected [Sponsorship Hub] but found [SPONSORSHIP HUB]]]>
            </message>
            <full-stacktrace>
              <![CDATA[java.lang.AssertionError: Brand pill should show 'Sponsorship Hub' expected [Sponsorship Hub] but found [SPONSORSHIP HUB]
at org.testng.Assert.fail(Assert.java:111)
at org.testng.Assert.failNotEquals(Assert.java:1578)
at org.testng.Assert.assertEqualsImpl(Assert.java:150)
at org.testng.Assert.assertEquals(Assert.java:132)
at org.testng.Assert.assertEquals(Assert.java:656)
at com.sponsorship.tests.auth.LoginTests.TC_01_04_verifyLoginPageUI(LoginTests.java:154)
at java.base/jdk.internal.reflect.DirectMethodHandleAccessor.invoke(DirectMethodHandleAccessor.java:103)
at java.base/java.lang.reflect.Method.invoke(Method.java:580)
at org.testng.internal.invokers.MethodInvocationHelper.invokeMethod(MethodInvocationHelper.java:141)
at org.testng.internal.invokers.TestInvoker.invokeMethod(TestInvoker.java:686)
at org.testng.internal.invokers.TestInvoker.invokeTestMethod(TestInvoker.java:230)
at org.testng.internal.invokers.MethodRunner.runInSequence(MethodRunner.java:63)
at org.testng.internal.invokers.TestInvoker$MethodInvocationAgent.invoke(TestInvoker.java:992)
at org.testng.internal.invokers.TestInvoker.invokeTestMethods(TestInvoker.java:203)
at org.testng.internal.invokers.TestMethodWorker.invokeTestMethods(TestMethodWorker.java:154)
at org.testng.internal.invokers.TestMethodWorker.run(TestMethodWorker.java:134)
at java.base/java.util.ArrayList.forEach(ArrayList.java:1596)
at org.testng.TestRunner.privateRun(TestRunner.java:739)
at org.testng.TestRunner.run(TestRunner.java:614)
at org.testng.SuiteRunner.runTest(SuiteRunner.java:421)
at org.testng.SuiteRunner.runSequentially(SuiteRunner.java:413)
at org.testng.SuiteRunner.privateRun(SuiteRunner.java:373)
at org.testng.SuiteRunner.run(SuiteRunner.java:312)
at org.testng.SuiteRunnerWorker.runSuite(SuiteRunnerWorker.java:52)
at org.testng.SuiteRunnerWorker.run(SuiteRunnerWorker.java:95)
at org.testng.TestNG.runSuitesSequentially(TestNG.java:1274)
at org.testng.TestNG.runSuitesLocally(TestNG.java:1208)
at org.testng.TestNG.runSuites(TestNG.java:1112)
at org.testng.TestNG.run(TestNG.java:1079)
at org.apache.maven.surefire.testng.TestNGExecutor.run(TestNGExecutor.java:155)
at org.apache.maven.surefire.testng.TestNGDirectoryTestSuite.executeSingleClass(TestNGDirectoryTestSuite.java:102)
at org.apache.maven.surefire.testng.TestNGDirectoryTestSuite.execute(TestNGDirectoryTestSuite.java:91)
at org.apache.maven.surefire.testng.TestNGProvider.invoke(TestNGProvider.java:137)
at org.apache.maven.surefire.booter.ForkedBooter.runSuitesInProcess(ForkedBooter.java:385)
at org.apache.maven.surefire.booter.ForkedBooter.execute(ForkedBooter.java:162)
at org.apache.maven.surefire.booter.ForkedBooter.run(ForkedBooter.java:507)
at org.apache.maven.surefire.booter.ForkedBooter.main(ForkedBooter.java:495)
]]>
            </full-stacktrace>
          </exception> <!-- java.lang.AssertionError -->
          <reporter-output>
          </reporter-output>
        </test-method> <!-- TC_01_04_verifyLoginPageUI -->
        <test-method is-config="true" signature="tearDown(org.testng.ITestResult)[pri:0, instance:com.sponsorship.tests.auth.LoginTests@4facf68f]" started-at="2026-06-19T22:54:29 IST" name="tearDown" finished-at="2026-06-19T22:54:29 IST" duration-ms="249" status="PASS">
          <params>
            <param index="0">
              <value>
                <![CDATA[[TestResult name=TC_01_04_verifyLoginPageUI status=FAILURE method=LoginTests.TC_01_04_verifyLoginPageUI()[pri:0, instance:com.sponsorship.tests.auth.LoginTests@4facf68f] output={null}]]]>
              </value>
            </param>
          </params>
          <reporter-output>
          </reporter-output>
        </test-method> <!-- tearDown -->
        <test-method is-config="true" signature="setUp()[pri:0, instance:com.sponsorship.tests.auth.LoginTests@4facf68f]" started-at="2026-06-19T22:54:29 IST" name="setUp" finished-at="2026-06-19T22:54:32 IST" duration-ms="2205" status="PASS">
          <reporter-output>
          </reporter-output>
        </test-method> <!-- setUp -->
        <test-method signature="TC_01_04_verifyPasswordToggle()[pri:0, instance:com.sponsorship.tests.auth.LoginTests@4facf68f]" started-at="2026-06-19T22:54:32 IST" name="TC_01_04_verifyPasswordToggle" description="TC_01_04 - Verify password visibility toggle works" finished-at="2026-06-19T22:54:32 IST" duration-ms="455" status="PASS">
          <reporter-output>
          </reporter-output>
        </test-method> <!-- TC_01_04_verifyPasswordToggle -->
        <test-method is-config="true" signature="tearDown(org.testng.ITestResult)[pri:0, instance:com.sponsorship.tests.auth.LoginTests@4facf68f]" started-at="2026-06-19T22:54:32 IST" name="tearDown" finished-at="2026-06-19T22:54:32 IST" duration-ms="170" status="PASS">
          <params>
            <param index="0">
              <value>
                <![CDATA[[TestResult name=TC_01_04_verifyPasswordToggle status=SUCCESS method=LoginTests.TC_01_04_verifyPasswordToggle()[pri:0, instance:com.sponsorship.tests.auth.LoginTests@4facf68f] output={null}]]]>
              </value>
            </param>
          </params>
          <reporter-output>
          </reporter-output>
        </test-method> <!-- tearDown -->
        <test-method is-config="true" signature="setUp()[pri:0, instance:com.sponsorship.tests.auth.LoginTests@4facf68f]" started-at="2026-06-19T22:54:32 IST" name="setUp" finished-at="2026-06-19T22:54:34 IST" duration-ms="1775" status="PASS">
          <reporter-output>
          </reporter-output>
        </test-method> <!-- setUp -->
        <test-method signature="TC_01_04_verifySignInDisabledForEmptyForm()[pri:0, instance:com.sponsorship.tests.auth.LoginTests@4facf68f]" started-at="2026-06-19T22:54:34 IST" name="TC_01_04_verifySignInDisabledForEmptyForm" description="TC_01_04 - Verify Sign In button is disabled when form is empty" finished-at="2026-06-19T22:54:34 IST" duration-ms="28" status="PASS">
          <reporter-output>
          </reporter-output>
        </test-method> <!-- TC_01_04_verifySignInDisabledForEmptyForm -->
        <test-method is-config="true" signature="tearDown(org.testng.ITestResult)[pri:0, instance:com.sponsorship.tests.auth.LoginTests@4facf68f]" started-at="2026-06-19T22:54:34 IST" name="tearDown" finished-at="2026-06-19T22:54:34 IST" duration-ms="132" status="PASS">
          <params>
            <param index="0">
              <value>
                <![CDATA[[TestResult name=TC_01_04_verifySignInDisabledForEmptyForm status=SUCCESS method=LoginTests.TC_01_04_verifySignInDisabledForEmptyForm()[pri:0, instance:com.sponsorship.tests.auth.LoginTests@4facf68f] output={null}]]]>
              </value>
            </param>
          </params>
          <reporter-output>
          </reporter-output>
        </test-method> <!-- tearDown -->
        <test-method is-config="true" signature="setUp()[pri:0, instance:com.sponsorship.tests.auth.LoginTests@4facf68f]" started-at="2026-06-19T22:54:34 IST" name="setUp" finished-at="2026-06-19T22:54:36 IST" duration-ms="1893" status="PASS">
          <reporter-output>
          </reporter-output>
        </test-method> <!-- setUp -->
        <test-method signature="TC_01_05_loginWithIncorrectPassword()[pri:0, instance:com.sponsorship.tests.auth.LoginTests@4facf68f]" started-at="2026-06-19T22:54:36 IST" name="TC_01_05_loginWithIncorrectPassword" description="TC_01_05 - Login with incorrect password shows error message" finished-at="2026-06-19T22:54:53 IST" duration-ms="16585" status="FAIL">
          <exception class="org.openqa.selenium.TimeoutException">
            <message>
              <![CDATA[Expected condition failed: waiting for visibility of element located by By.cssSelector: mat-snack-bar-container simple-snack-bar span (tried for 15 second(s) with 500 milliseconds interval)
Build info: version: '4.25.0', revision: '8a8aea2337'
System info: os.name: 'Windows 11', os.arch: 'amd64', os.version: '10.0', java.version: '21.0.6'
Driver info: org.openqa.selenium.chrome.ChromeDriver
Capabilities {acceptInsecureCerts: false, browserName: chrome, browserVersion: 147.0.7727.138, chrome: {chromedriverVersion: 147.0.7727.117 (474cc805edd..., userDataDir: C:\Users\raghu\AppData\Loca...}, fedcm:accounts: true, goog:chromeOptions: {debuggerAddress: localhost:60738}, goog:processID: 20616, networkConnectionEnabled: false, pageLoadStrategy: normal, platformName: windows, proxy: Proxy(), se:cdp: ws://localhost:60738/devtoo..., se:cdpVersion: 147.0.7727.138, setWindowRect: true, strictFileInteractability: false, timeouts: {implicit: 0, pageLoad: 300000, script: 30000}, unhandledPromptBehavior: dismiss and notify, webauthn:extension:credBlob: true, webauthn:extension:largeBlob: true, webauthn:extension:minPinLength: true, webauthn:extension:prf: true, webauthn:virtualAuthenticators: true}
Session ID: 3f243f3c33861b70409600ea5b5ba455]]>
            </message>
            <full-stacktrace>
              <![CDATA[org.openqa.selenium.TimeoutException: Expected condition failed: waiting for visibility of element located by By.cssSelector: mat-snack-bar-container simple-snack-bar span (tried for 15 second(s) with 500 milliseconds interval)
Build info: version: '4.25.0', revision: '8a8aea2337'
System info: os.name: 'Windows 11', os.arch: 'amd64', os.version: '10.0', java.version: '21.0.6'
Driver info: org.openqa.selenium.chrome.ChromeDriver
Capabilities {acceptInsecureCerts: false, browserName: chrome, browserVersion: 147.0.7727.138, chrome: {chromedriverVersion: 147.0.7727.117 (474cc805edd..., userDataDir: C:\Users\raghu\AppData\Loca...}, fedcm:accounts: true, goog:chromeOptions: {debuggerAddress: localhost:60738}, goog:processID: 20616, networkConnectionEnabled: false, pageLoadStrategy: normal, platformName: windows, proxy: Proxy(), se:cdp: ws://localhost:60738/devtoo..., se:cdpVersion: 147.0.7727.138, setWindowRect: true, strictFileInteractability: false, timeouts: {implicit: 0, pageLoad: 300000, script: 30000}, unhandledPromptBehavior: dismiss and notify, webauthn:extension:credBlob: true, webauthn:extension:largeBlob: true, webauthn:extension:minPinLength: true, webauthn:extension:prf: true, webauthn:virtualAuthenticators: true}
Session ID: 3f243f3c33861b70409600ea5b5ba455
at org.openqa.selenium.support.ui.WebDriverWait.timeoutException(WebDriverWait.java:84)
at org.openqa.selenium.support.ui.FluentWait.until(FluentWait.java:228)
at com.sponsorship.utils.WaitUtils.waitForSnackbar(WaitUtils.java:105)
at com.sponsorship.pages.BasePage.getSnackbarMessage(BasePage.java:178)
at com.sponsorship.pages.LoginPage.getSnackbarText(LoginPage.java:129)
at com.sponsorship.tests.auth.LoginTests.TC_01_05_loginWithIncorrectPassword(LoginTests.java:104)
at java.base/jdk.internal.reflect.DirectMethodHandleAccessor.invoke(DirectMethodHandleAccessor.java:103)
at java.base/java.lang.reflect.Method.invoke(Method.java:580)
at org.testng.internal.invokers.MethodInvocationHelper.invokeMethod(MethodInvocationHelper.java:141)
at org.testng.internal.invokers.TestInvoker.invokeMethod(TestInvoker.java:686)
at org.testng.internal.invokers.TestInvoker.invokeTestMethod(TestInvoker.java:230)
at org.testng.internal.invokers.MethodRunner.runInSequence(MethodRunner.java:63)
at org.testng.internal.invokers.TestInvoker$MethodInvocationAgent.invoke(TestInvoker.java:992)
at org.testng.internal.invokers.TestInvoker.invokeTestMethods(TestInvoker.java:203)
at org.testng.internal.invokers.TestMethodWorker.invokeTestMethods(TestMethodWorker.java:154)
at org.testng.internal.invokers.TestMethodWorker.run(TestMethodWorker.java:134)
at java.base/java.util.ArrayList.forEach(ArrayList.java:1596)
at org.testng.TestRunner.privateRun(TestRunner.java:739)
at org.testng.TestRunner.run(TestRunner.java:614)
at org.testng.SuiteRunner.runTest(SuiteRunner.java:421)
at org.testng.SuiteRunner.runSequentially(SuiteRunner.java:413)
at org.testng.SuiteRunner.privateRun(SuiteRunner.java:373)
at org.testng.SuiteRunner.run(SuiteRunner.java:312)
at org.testng.SuiteRunnerWorker.runSuite(SuiteRunnerWorker.java:52)
at org.testng.SuiteRunnerWorker.run(SuiteRunnerWorker.java:95)
at org.testng.TestNG.runSuitesSequentially(TestNG.java:1274)
at org.testng.TestNG.runSuitesLocally(TestNG.java:1208)
at org.testng.TestNG.runSuites(TestNG.java:1112)
at org.testng.TestNG.run(TestNG.java:1079)
at org.apache.maven.surefire.testng.TestNGExecutor.run(TestNGExecutor.java:155)
at org.apache.maven.surefire.testng.TestNGDirectoryTestSuite.executeSingleClass(TestNGDirectoryTestSuite.java:102)
at org.apache.maven.surefire.testng.TestNGDirectoryTestSuite.execute(TestNGDirectoryTestSuite.java:91)
at org.apache.maven.surefire.testng.TestNGProvider.invoke(TestNGProvider.java:137)
at org.apache.maven.surefire.booter.ForkedBooter.runSuitesInProcess(ForkedBooter.java:385)
at org.apache.maven.surefire.booter.ForkedBooter.execute(ForkedBooter.java:162)
at org.apache.maven.surefire.booter.ForkedBooter.run(ForkedBooter.java:507)
at org.apache.maven.surefire.booter.ForkedBooter.main(ForkedBooter.java:495)
]]>
            </full-stacktrace>
          </exception> <!-- org.openqa.selenium.TimeoutException -->
          <reporter-output>
          </reporter-output>
        </test-method> <!-- TC_01_05_loginWithIncorrectPassword -->
        <test-method is-config="true" signature="tearDown(org.testng.ITestResult)[pri:0, instance:com.sponsorship.tests.auth.LoginTests@4facf68f]" started-at="2026-06-19T22:54:53 IST" name="tearDown" finished-at="2026-06-19T22:54:53 IST" duration-ms="361" status="PASS">
          <params>
            <param index="0">
              <value>
                <![CDATA[[TestResult name=TC_01_05_loginWithIncorrectPassword status=FAILURE method=LoginTests.TC_01_05_loginWithIncorrectPassword()[pri:0, instance:com.sponsorship.tests.auth.LoginTests@4facf68f] output={null}]]]>
              </value>
            </param>
          </params>
          <reporter-output>
          </reporter-output>
        </test-method> <!-- tearDown -->
        <test-method is-config="true" signature="setUp()[pri:0, instance:com.sponsorship.tests.auth.LoginTests@4facf68f]" started-at="2026-06-19T22:54:53 IST" name="setUp" finished-at="2026-06-19T22:54:55 IST" duration-ms="1996" status="PASS">
          <reporter-output>
          </reporter-output>
        </test-method> <!-- setUp -->
        <test-method signature="TC_01_05_loginWithNonExistentEmail()[pri:0, instance:com.sponsorship.tests.auth.LoginTests@4facf68f]" started-at="2026-06-19T22:54:55 IST" name="TC_01_05_loginWithNonExistentEmail" description="TC_01_05 - Login with non-existent email shows error message" finished-at="2026-06-19T22:55:12 IST" duration-ms="16570" status="FAIL">
          <exception class="org.openqa.selenium.TimeoutException">
            <message>
              <![CDATA[Expected condition failed: waiting for visibility of element located by By.cssSelector: mat-snack-bar-container simple-snack-bar span (tried for 15 second(s) with 500 milliseconds interval)
Build info: version: '4.25.0', revision: '8a8aea2337'
System info: os.name: 'Windows 11', os.arch: 'amd64', os.version: '10.0', java.version: '21.0.6'
Driver info: org.openqa.selenium.chrome.ChromeDriver
Capabilities {acceptInsecureCerts: false, browserName: chrome, browserVersion: 147.0.7727.138, chrome: {chromedriverVersion: 147.0.7727.117 (474cc805edd..., userDataDir: C:\Users\raghu\AppData\Loca...}, fedcm:accounts: true, goog:chromeOptions: {debuggerAddress: localhost:60741}, goog:processID: 1204, networkConnectionEnabled: false, pageLoadStrategy: normal, platformName: windows, proxy: Proxy(), se:cdp: ws://localhost:60741/devtoo..., se:cdpVersion: 147.0.7727.138, setWindowRect: true, strictFileInteractability: false, timeouts: {implicit: 0, pageLoad: 300000, script: 30000}, unhandledPromptBehavior: dismiss and notify, webauthn:extension:credBlob: true, webauthn:extension:largeBlob: true, webauthn:extension:minPinLength: true, webauthn:extension:prf: true, webauthn:virtualAuthenticators: true}
Session ID: fbb54ae674dcff57e237157696149478]]>
            </message>
            <full-stacktrace>
              <![CDATA[org.openqa.selenium.TimeoutException: Expected condition failed: waiting for visibility of element located by By.cssSelector: mat-snack-bar-container simple-snack-bar span (tried for 15 second(s) with 500 milliseconds interval)
Build info: version: '4.25.0', revision: '8a8aea2337'
System info: os.name: 'Windows 11', os.arch: 'amd64', os.version: '10.0', java.version: '21.0.6'
Driver info: org.openqa.selenium.chrome.ChromeDriver
Capabilities {acceptInsecureCerts: false, browserName: chrome, browserVersion: 147.0.7727.138, chrome: {chromedriverVersion: 147.0.7727.117 (474cc805edd..., userDataDir: C:\Users\raghu\AppData\Loca...}, fedcm:accounts: true, goog:chromeOptions: {debuggerAddress: localhost:60741}, goog:processID: 1204, networkConnectionEnabled: false, pageLoadStrategy: normal, platformName: windows, proxy: Proxy(), se:cdp: ws://localhost:60741/devtoo..., se:cdpVersion: 147.0.7727.138, setWindowRect: true, strictFileInteractability: false, timeouts: {implicit: 0, pageLoad: 300000, script: 30000}, unhandledPromptBehavior: dismiss and notify, webauthn:extension:credBlob: true, webauthn:extension:largeBlob: true, webauthn:extension:minPinLength: true, webauthn:extension:prf: true, webauthn:virtualAuthenticators: true}
Session ID: fbb54ae674dcff57e237157696149478
at org.openqa.selenium.support.ui.WebDriverWait.timeoutException(WebDriverWait.java:84)
at org.openqa.selenium.support.ui.FluentWait.until(FluentWait.java:228)
at com.sponsorship.utils.WaitUtils.waitForSnackbar(WaitUtils.java:105)
at com.sponsorship.pages.BasePage.getSnackbarMessage(BasePage.java:178)
at com.sponsorship.pages.LoginPage.getSnackbarText(LoginPage.java:129)
at com.sponsorship.tests.auth.LoginTests.TC_01_05_loginWithNonExistentEmail(LoginTests.java:128)
at java.base/jdk.internal.reflect.DirectMethodHandleAccessor.invoke(DirectMethodHandleAccessor.java:103)
at java.base/java.lang.reflect.Method.invoke(Method.java:580)
at org.testng.internal.invokers.MethodInvocationHelper.invokeMethod(MethodInvocationHelper.java:141)
at org.testng.internal.invokers.TestInvoker.invokeMethod(TestInvoker.java:686)
at org.testng.internal.invokers.TestInvoker.invokeTestMethod(TestInvoker.java:230)
at org.testng.internal.invokers.MethodRunner.runInSequence(MethodRunner.java:63)
at org.testng.internal.invokers.TestInvoker$MethodInvocationAgent.invoke(TestInvoker.java:992)
at org.testng.internal.invokers.TestInvoker.invokeTestMethods(TestInvoker.java:203)
at org.testng.internal.invokers.TestMethodWorker.invokeTestMethods(TestMethodWorker.java:154)
at org.testng.internal.invokers.TestMethodWorker.run(TestMethodWorker.java:134)
at java.base/java.util.ArrayList.forEach(ArrayList.java:1596)
at org.testng.TestRunner.privateRun(TestRunner.java:739)
at org.testng.TestRunner.run(TestRunner.java:614)
at org.testng.SuiteRunner.runTest(SuiteRunner.java:421)
at org.testng.SuiteRunner.runSequentially(SuiteRunner.java:413)
at org.testng.SuiteRunner.privateRun(SuiteRunner.java:373)
at org.testng.SuiteRunner.run(SuiteRunner.java:312)
at org.testng.SuiteRunnerWorker.runSuite(SuiteRunnerWorker.java:52)
at org.testng.SuiteRunnerWorker.run(SuiteRunnerWorker.java:95)
at org.testng.TestNG.runSuitesSequentially(TestNG.java:1274)
at org.testng.TestNG.runSuitesLocally(TestNG.java:1208)
at org.testng.TestNG.runSuites(TestNG.java:1112)
at org.testng.TestNG.run(TestNG.java:1079)
at org.apache.maven.surefire.testng.TestNGExecutor.run(TestNGExecutor.java:155)
at org.apache.maven.surefire.testng.TestNGDirectoryTestSuite.executeSingleClass(TestNGDirectoryTestSuite.java:102)
at org.apache.maven.surefire.testng.TestNGDirectoryTestSuite.execute(TestNGDirectoryTestSuite.java:91)
at org.apache.maven.surefire.testng.TestNGProvider.invoke(TestNGProvider.java:137)
at org.apache.maven.surefire.booter.ForkedBooter.runSuitesInProcess(ForkedBooter.java:385)
at org.apache.maven.surefire.booter.ForkedBooter.execute(ForkedBooter.java:162)
at org.apache.maven.surefire.booter.ForkedBooter.run(ForkedBooter.java:507)
at org.apache.maven.surefire.booter.ForkedBooter.main(ForkedBooter.java:495)
]]>
            </full-stacktrace>
          </exception> <!-- org.openqa.selenium.TimeoutException -->
          <reporter-output>
          </reporter-output>
        </test-method> <!-- TC_01_05_loginWithNonExistentEmail -->
        <test-method is-config="true" signature="tearDown(org.testng.ITestResult)[pri:0, instance:com.sponsorship.tests.auth.LoginTests@4facf68f]" started-at="2026-06-19T22:55:12 IST" name="tearDown" finished-at="2026-06-19T22:55:13 IST" duration-ms="399" status="PASS">
          <params>
            <param index="0">
              <value>
                <![CDATA[[TestResult name=TC_01_05_loginWithNonExistentEmail status=FAILURE method=LoginTests.TC_01_05_loginWithNonExistentEmail()[pri:0, instance:com.sponsorship.tests.auth.LoginTests@4facf68f] output={null}]]]>
              </value>
            </param>
          </params>
          <reporter-output>
          </reporter-output>
        </test-method> <!-- tearDown -->
        <test-method is-config="true" signature="suiteTearDown()[pri:0, instance:com.sponsorship.tests.auth.LoginTests@4facf68f]" started-at="2026-06-19T22:55:13 IST" name="suiteTearDown" finished-at="2026-06-19T22:55:13 IST" duration-ms="67" status="PASS">
          <reporter-output>
          </reporter-output>
        </test-method> <!-- suiteTearDown -->
      </class> <!-- com.sponsorship.tests.auth.LoginTests -->
    </test> <!-- Surefire test -->
  </suite> <!-- Surefire suite -->
</testng-results>
