# JRE version: Java(TM) SE Runtime Environment (21.0.6+8) (build 21.0.6+8-LTS-188)
# Java VM: Java HotSpot(TM) 64-Bit Server VM (21.0.6+8-LTS-188, mixed mode, sharing, tiered, compressed oops, compressed class ptrs, g1 gc, windows-amd64)
GC Precious Log:
 CardTable entry size: 512
 Card Set container configuration: InlinePtr #cards 4 size 8 Array Of Cards #cards 16 size 48 Howl #buckets 8 coarsen threshold 3686 Howl Bitmap #cards 512 size 80 coarsen threshold 460 Card regions per heap region 1 cards per card region 4096
 CPUs: 8 total, 8 available
 Memory: 12010M
 Large Page Support: Disabled
 NUMA Support: Disabled
 Compressed Oops: Enabled (Zero based)
 Heap Region Size: 2M
 Heap Min Capacity: 8M
 Heap Initial Capacity: 188M
 Heap Max Capacity: 3004M
 Pre-touch: Disabled
 Parallel Workers: 8
 Concurrent Workers: 2
 Concurrent Refinement Workers: 8
 Periodic GC: Disabled
Heap:
 garbage-first heap   total 75776K, used 24247K [0x0000000744400000, 0x0000000800000000)
  region size 2048K, 4 young (8192K), 2 survivors (4096K)
 Metaspace       used 28863K, committed 29440K, reserved 1114112K
  class space    used 3296K, committed 3584K, reserved 1048576K
GC Heap History (20 events):
Event: 0.864 GC heap before
{Heap before GC invocations=0 (full 0):
 garbage-first heap   total 192512K, used 22528K [0x0000000744400000, 0x0000000800000000)
  region size 2048K, 11 young (22528K), 0 survivors (0K)
 Metaspace       used 6650K, committed 6912K, reserved 1114112K
  class space    used 689K, committed 832K, reserved 1048576K
}
Event: 0.872 GC heap after
{Heap after GC invocations=1 (full 0):
 garbage-first heap   total 192512K, used 8352K [0x0000000744400000, 0x0000000800000000)
  region size 2048K, 2 young (4096K), 2 survivors (4096K)
 Metaspace       used 6650K, committed 6912K, reserved 1114112K
  class space    used 689K, committed 832K, reserved 1048576K
}
Event: 1.157 GC heap before
{Heap before GC invocations=1 (full 0):
 garbage-first heap   total 192512K, used 30880K [0x0000000744400000, 0x0000000800000000)
  region size 2048K, 13 young (26624K), 2 survivors (4096K)
 Metaspace       used 7626K, committed 7872K, reserved 1114112K
  class space    used 812K, committed 960K, reserved 1048576K
}
Event: 1.162 GC heap after
{Heap after GC invocations=2 (full 0):
 garbage-first heap   total 192512K, used 8805K [0x0000000744400000, 0x0000000800000000)
  region size 2048K, 1 young (2048K), 1 survivors (2048K)
 Metaspace       used 7626K, committed 7872K, reserved 1114112K
  class space    used 812K, committed 960K, reserved 1048576K
}
Event: 2.589 GC heap before
{Heap before GC invocations=2 (full 0):
 garbage-first heap   total 192512K, used 74341K [0x0000000744400000, 0x0000000800000000)
  region size 2048K, 33 young (67584K), 1 survivors (2048K)
 Metaspace       used 17428K, committed 17792K, reserved 1114112K
  class space    used 1927K, committed 2112K, reserved 1048576K
}
Event: 2.599 GC heap after
{Heap after GC invocations=3 (full 0):
 garbage-first heap   total 192512K, used 16818K [0x0000000744400000, 0x0000000800000000)
  region size 2048K, 5 young (10240K), 5 survivors (10240K)
 Metaspace       used 17428K, committed 17792K, reserved 1114112K
  class space    used 1927K, committed 2112K, reserved 1048576K
}
Event: 3.018 GC heap before
{Heap before GC invocations=3 (full 0):
 garbage-first heap   total 192512K, used 27058K [0x0000000744400000, 0x0000000800000000)
  region size 2048K, 12 young (24576K), 5 survivors (10240K)
 Metaspace       used 21034K, committed 21504K, reserved 1114112K
  class space    used 2457K, committed 2688K, reserved 1048576K
}
Event: 3.030 GC heap after
{Heap after GC invocations=4 (full 0):
 garbage-first heap   total 192512K, used 18383K [0x0000000744400000, 0x0000000800000000)
  region size 2048K, 1 young (2048K), 1 survivors (2048K)
 Metaspace       used 21034K, committed 21504K, reserved 1114112K
  class space    used 2457K, committed 2688K, reserved 1048576K
}
Event: 39.706 GC heap before
{Heap before GC invocations=5 (full 0):
 garbage-first heap   total 75776K, used 61391K [0x0000000744400000, 0x0000000800000000)
  region size 2048K, 22 young (45056K), 1 survivors (2048K)
 Metaspace       used 24192K, committed 24640K, reserved 1114112K
  class space    used 2830K, committed 3008K, reserved 1048576K
}
Event: 39.709 GC heap after
{Heap after GC invocations=6 (full 0):
 garbage-first heap   total 75776K, used 19006K [0x0000000744400000, 0x0000000800000000)
  region size 2048K, 2 young (4096K), 2 survivors (4096K)
 Metaspace       used 24192K, committed 24640K, reserved 1114112K
  class space    used 2830K, committed 3008K, reserved 1048576K
}
Event: 61.151 GC heap before
{Heap before GC invocations=6 (full 0):
 garbage-first heap   total 75776K, used 53822K [0x0000000744400000, 0x0000000800000000)
  region size 2048K, 20 young (40960K), 2 survivors (4096K)
 Metaspace       used 24736K, committed 25216K, reserved 1114112K
  class space    used 2852K, committed 3072K, reserved 1048576K
}
Event: 61.155 GC heap after
{Heap after GC invocations=7 (full 0):
 garbage-first heap   total 75776K, used 18926K [0x0000000744400000, 0x0000000800000000)
  region size 2048K, 2 young (4096K), 2 survivors (4096K)
 Metaspace       used 24736K, committed 25216K, reserved 1114112K
  class space    used 2852K, committed 3072K, reserved 1048576K
}
Event: 122.702 GC heap before
{Heap before GC invocations=7 (full 0):
 garbage-first heap   total 75776K, used 57838K [0x0000000744400000, 0x0000000800000000)
  region size 2048K, 21 young (43008K), 2 survivors (4096K)
 Metaspace       used 25144K, committed 25728K, reserved 1114112K
  class space    used 2862K, committed 3136K, reserved 1048576K
}
Event: 122.705 GC heap after
{Heap after GC invocations=8 (full 0):
 garbage-first heap   total 75776K, used 19266K [0x0000000744400000, 0x0000000800000000)
  region size 2048K, 2 young (4096K), 2 survivors (4096K)
 Metaspace       used 25144K, committed 25728K, reserved 1114112K
  class space    used 2862K, committed 3136K, reserved 1048576K
}
Event: 136.502 GC heap before
{Heap before GC invocations=8 (full 0):
 garbage-first heap   total 75776K, used 58178K [0x0000000744400000, 0x0000000800000000)
  region size 2048K, 22 young (45056K), 2 survivors (4096K)
 Metaspace       used 28336K, committed 28800K, reserved 1114112K
  class space    used 3263K, committed 3456K, reserved 1048576K
}
Event: 136.507 GC heap after
{Heap after GC invocations=9 (full 0):
 garbage-first heap   total 75776K, used 21189K [0x0000000744400000, 0x0000000800000000)
  region size 2048K, 3 young (6144K), 3 survivors (6144K)
 Metaspace       used 28336K, committed 28800K, reserved 1114112K
  class space    used 3263K, committed 3456K, reserved 1048576K
}
Event: 168.238 GC heap before
{Heap before GC invocations=9 (full 0):
 garbage-first heap   total 75776K, used 58053K [0x0000000744400000, 0x0000000800000000)
  region size 2048K, 22 young (45056K), 3 survivors (6144K)
 Metaspace       used 28574K, committed 29056K, reserved 1114112K
  class space    used 3280K, committed 3520K, reserved 1048576K
}
Event: 168.245 GC heap after
{Heap after GC invocations=10 (full 0):
 garbage-first heap   total 75776K, used 21649K [0x0000000744400000, 0x0000000800000000)
  region size 2048K, 2 young (4096K), 2 survivors (4096K)
 Metaspace       used 28574K, committed 29056K, reserved 1114112K
  class space    used 3280K, committed 3520K, reserved 1048576K
}
Event: 249.715 GC heap before
{Heap before GC invocations=10 (full 0):
 garbage-first heap   total 75776K, used 62609K [0x0000000744400000, 0x0000000800000000)
  region size 2048K, 22 young (45056K), 2 survivors (4096K)
 Metaspace       used 28844K, committed 29440K, reserved 1114112K
  class space    used 3296K, committed 3584K, reserved 1048576K
}
Event: 249.723 GC heap after
{Heap after GC invocations=11 (full 0):
 garbage-first heap   total 75776K, used 22199K [0x0000000744400000, 0x0000000800000000)
  region size 2048K, 2 young (4096K), 2 survivors (4096K)
 Metaspace       used 28844K, committed 29440K, reserved 1114112K
  class space    used 3296K, committed 3584K, reserved 1048576K
}

